# JRE version: Java(TM) SE Runtime Environment (14.0+36) (build 14+36-1461)
# Java VM: Java HotSpot(TM) 64-Bit Server VM (14+36-1461, mixed mode, sharing, tiered, compressed oops, g1 gc, windows-amd64)
Heap:
 garbage-first heap   total 524288K, used 508083K [0x0000000082000000, 0x0000000100000000)
  region size 1024K, 8 young (8192K), 1 survivors (1024K)
 Metaspace       used 7240K, capacity 7515K, committed 7552K, reserved 1056768K
  class space    used 760K, capacity 875K, committed 896K, reserved 1048576K
GC Heap History (20 events):
Event: 3.091 GC heap before
{Heap before GC invocations=65 (full 0):
 garbage-first heap   total 109568K, used 44173K [0x0000000082000000, 0x0000000100000000)
  region size 1024K, 3 young (3072K), 1 survivors (1024K)
 Metaspace       used 6920K, capacity 7194K, committed 7296K, reserved 1056768K
  class space    used 760K, capacity 875K, committed 896K, reserved 1048576K
}
Event: 3.091 GC heap after
{Heap after GC invocations=66 (full 0):
 garbage-first heap   total 109568K, used 34957K [0x0000000082000000, 0x0000000100000000)
  region size 1024K, 1 young (1024K), 1 survivors (1024K)
 Metaspace       used 6920K, capacity 7194K, committed 7296K, reserved 1056768K
  class space    used 760K, capacity 875K, committed 896K, reserved 1048576K
}
Event: 3.120 GC heap before
{Heap before GC invocations=67 (full 0):
 garbage-first heap   total 109568K, used 44173K [0x0000000082000000, 0x0000000100000000)
  region size 1024K, 3 young (3072K), 1 survivors (1024K)
 Metaspace       used 6922K, capacity 7194K, committed 7296K, reserved 1056768K
  class space    used 760K, capacity 875K, committed 896K, reserved 1048576K
}
Event: 3.122 GC heap after
{Heap after GC invocations=68 (full 0):
 garbage-first heap   total 132096K, used 22671K [0x0000000082000000, 0x0000000100000000)
  region size 1024K, 1 young (1024K), 1 survivors (1024K)
 Metaspace       used 6922K, capacity 7194K, committed 7296K, reserved 1056768K
  class space    used 760K, capacity 875K, committed 896K, reserved 1048576K
}
Event: 3.202 GC heap before
{Heap before GC invocations=69 (full 0):
 garbage-first heap   total 112640K, used 44175K [0x0000000082000000, 0x0000000100000000)
  region size 1024K, 3 young (3072K), 1 survivors (1024K)
 Metaspace       used 6945K, capacity 7194K, committed 7296K, reserved 1056768K
  class space    used 760K, capacity 875K, committed 896K, reserved 1048576K
}
Event: 3.203 GC heap after
{Heap after GC invocations=70 (full 0):
 garbage-first heap   total 112640K, used 34959K [0x0000000082000000, 0x0000000100000000)
  region size 1024K, 1 young (1024K), 1 survivors (1024K)
 Metaspace       used 6945K, capacity 7194K, committed 7296K, reserved 1056768K
  class space    used 760K, capacity 875K, committed 896K, reserved 1048576K
}
Event: 3.239 GC heap before
{Heap before GC invocations=71 (full 0):
 garbage-first heap   total 112640K, used 43151K [0x0000000082000000, 0x0000000100000000)
  region size 1024K, 2 young (2048K), 1 survivors (1024K)
 Metaspace       used 6954K, capacity 7194K, committed 7296K, reserved 1056768K
  class space    used 760K, capacity 875K, committed 896K, reserved 1048576K
}
Event: 3.240 GC heap after
{Heap after GC invocations=72 (full 0):
 garbage-first heap   total 112640K, used 22676K [0x0000000082000000, 0x0000000100000000)
  region size 1024K, 1 young (1024K), 1 survivors (1024K)
 Metaspace       used 6954K, capacity 7194K, committed 7296K, reserved 1056768K
  class space    used 760K, capacity 875K, committed 896K, reserved 1048576K
}
Event: 3.315 GC heap before
{Heap before GC invocations=73 (full 0):
 garbage-first heap   total 112640K, used 44180K [0x0000000082000000, 0x0000000100000000)
  region size 1024K, 3 young (3072K), 1 survivors (1024K)
 Metaspace       used 6964K, capacity 7194K, committed 7296K, reserved 1056768K
  class space    used 760K, capacity 875K, committed 896K, reserved 1048576K
}
Event: 3.316 GC heap after
{Heap after GC invocations=74 (full 0):
 garbage-first heap   total 112640K, used 34964K [0x0000000082000000, 0x0000000100000000)
  region size 1024K, 1 young (1024K), 1 survivors (1024K)
 Metaspace       used 6964K, capacity 7194K, committed 7296K, reserved 1056768K
  class space    used 760K, capacity 875K, committed 896K, reserved 1048576K
}
Event: 3.349 GC heap before
{Heap before GC invocations=75 (full 0):
 garbage-first heap   total 112640K, used 43156K [0x0000000082000000, 0x0000000100000000)
  region size 1024K, 2 young (2048K), 1 survivors (1024K)
 Metaspace       used 6966K, capacity 7194K, committed 7296K, reserved 1056768K
  class space    used 760K, capacity 875K, committed 896K, reserved 1048576K
}
Event: 3.351 GC heap after
{Heap after GC invocations=76 (full 0):
 garbage-first heap   total 135168K, used 22676K [0x0000000082000000, 0x0000000100000000)
  region size 1024K, 1 young (1024K), 1 survivors (1024K)
 Metaspace       used 6966K, capacity 7194K, committed 7296K, reserved 1056768K
  class space    used 760K, capacity 875K, committed 896K, reserved 1048576K
}
Event: 4.170 GC heap before
{Heap before GC invocations=77 (full 0):
 garbage-first heap   total 243712K, used 236692K [0x0000000082000000, 0x0000000100000000)
  region size 1024K, 10 young (10240K), 1 survivors (1024K)
 Metaspace       used 7008K, capacity 7258K, committed 7296K, reserved 1056768K
  class space    used 760K, capacity 875K, committed 896K, reserved 1048576K
}
Event: 4.171 GC heap after
{Heap after GC invocations=78 (full 0):
 garbage-first heap   total 244736K, used 219292K [0x0000000082000000, 0x0000000100000000)
  region size 1024K, 1 young (1024K), 1 survivors (1024K)
 Metaspace       used 7008K, capacity 7258K, committed 7296K, reserved 1056768K
  class space    used 760K, capacity 875K, committed 896K, reserved 1048576K
}
Event: 4.953 GC heap before
{Heap before GC invocations=78 (full 0):
 garbage-first heap   total 424960K, used 417948K [0x0000000082000000, 0x0000000100000000)
  region size 1024K, 7 young (7168K), 1 survivors (1024K)
 Metaspace       used 7057K, capacity 7322K, committed 7552K, reserved 1056768K
  class space    used 760K, capacity 875K, committed 896K, reserved 1048576K
}
Event: 4.954 GC heap after
{Heap after GC invocations=79 (full 0):
 garbage-first heap   total 425984K, used 207012K [0x0000000082000000, 0x0000000100000000)
  region size 1024K, 1 young (1024K), 1 survivors (1024K)
 Metaspace       used 7057K, capacity 7322K, committed 7552K, reserved 1056768K
  class space    used 760K, capacity 875K, committed 896K, reserved 1048576K
}
Event: 4.961 GC heap before
{Heap before GC invocations=79 (full 0):
 garbage-first heap   total 425984K, used 207012K [0x0000000082000000, 0x0000000100000000)
  region size 1024K, 2 young (2048K), 1 survivors (1024K)
 Metaspace       used 7058K, capacity 7322K, committed 7552K, reserved 1056768K
  class space    used 760K, capacity 875K, committed 896K, reserved 1048576K
}
Event: 4.962 GC heap after
{Heap after GC invocations=80 (full 0):
 garbage-first heap   total 425984K, used 14499K [0x0000000082000000, 0x0000000100000000)
  region size 1024K, 1 young (1024K), 1 survivors (1024K)
 Metaspace       used 7058K, capacity 7322K, committed 7552K, reserved 1056768K
  class space    used 760K, capacity 875K, committed 896K, reserved 1048576K
}
Event: 6.954 GC heap before
{Heap before GC invocations=81 (full 0):
 garbage-first heap   total 370688K, used 362659K [0x0000000082000000, 0x0000000100000000)
  region size 1024K, 13 young (13312K), 1 survivors (1024K)
 Metaspace       used 7234K, capacity 7451K, committed 7552K, reserved 1056768K
  class space    used 760K, capacity 875K, committed 896K, reserved 1048576K
}
Event: 6.955 GC heap after
{Heap after GC invocations=82 (full 0):
 garbage-first heap   total 372736K, used 350387K [0x0000000082000000, 0x0000000100000000)
  region size 1024K, 1 young (1024K), 1 survivors (1024K)
 Metaspace       used 7234K, capacity 7451K, committed 7552K, reserved 1056768K
  class space    used 760K, capacity 875K, committed 896K, reserved 1048576K
}

